<?xml version="1.0" encoding="UTF-8"?>
<!-- Generated by org.testng.reporters.JUnitXMLReporter -->
<testsuite hostname="Automation-Lab" ignored="0" name="Test" tests="1" failures="1" timestamp="22 Mar 2017 12:23:16 GMT" time="26.287" errors="0">
  <testcase name="testSearch" time="22.134" classname="example.NewTest">
    <failure type="org.junit.ComparisonFailure" message="product&amp;apos;s current price expected:&amp;lt;$80.0[5]&amp;gt; but was:&amp;lt;$80.0[0]&amp;gt;">
      <![CDATA[org.junit.ComparisonFailure: product's current price expected:<$80.0[5]> but was:<$80.0[0]>
	at org.junit.Assert.assertEquals(Assert.java:115)
	at example.NewTest.testSearch(NewTest.java:35)
... Removed 25 stack frames]]>
    </failure>
  </testcase> <!-- testSearch -->
</testsuite> <!-- Test -->
