<?xml version="1.0" encoding="UTF-8"?>
<testng-results skipped="0" failed="0" ignored="0" total="1" passed="1">
  <reporter-output>
  </reporter-output>
  <suite name="Default suite" duration-ms="4073" started-at="2017-03-28T22:46:44Z" finished-at="2017-03-28T22:46:48Z">
    <groups>
    </groups>
    <test name="Default test" duration-ms="4073" started-at="2017-03-28T22:46:44Z" finished-at="2017-03-28T22:46:48Z">
      <class name="example.TestSOAP">
        <test-method status="PASS" signature="testSOAPResponse()[pri:0, instance:example.TestSOAP@523884b2]" name="testSOAPResponse" duration-ms="4042" started-at="2017-03-29T00:46:44Z" finished-at="2017-03-29T00:46:48Z">
          <reporter-output>
          </reporter-output>
        </test-method> <!-- testSOAPResponse -->
      </class> <!-- example.TestSOAP -->
    </test> <!-- Default test -->
  </suite> <!-- Default suite -->
</testng-results>
